<?xml version='1.0' encoding='UTF-8'?>
<testsuite hostname="DESKTOP-JRB9NML" name="Labka.MyTest" tests="5" errors="0" failures="0" skipped="0" time="0.004" timestamp="2020-04-30T01:52:34">
                     <properties>
[...]
</properties>
                     <testcase classname="Labka.MyTest" name="ReverseSimple" time="0.003">
                                                 
                                               </testcase><testcase classname="Labka.MyTest" name="ReverseCycle" time="0.0">
                                                 
                                               </testcase><testcase classname="Labka.MyTest" name="ReverseTailRec(Negative)" time="0.0">
                                                 
                                               </testcase><testcase classname="Labka.MyTest" name="RemoveTailRec" time="0.001">
                                                 
                                               </testcase><testcase classname="Labka.MyTest" name="ReverseTailRec(Positive)" time="0.0">
                                                 
                                               </testcase>
                     <system-out><![CDATA[]]></system-out>
                     <system-err><![CDATA[]]></system-err>
                   </testsuite>